<?xml version="1.0" encoding="UTF-8" standalone="yes"?><!DOCTYPE report PUBLIC "-//JACOCO//DTD Report 1.1//EN" "report.dtd"><report name="ISOFT2-2022-ET.02"><sessioninfo id="DESKTOP-U2E4R5F-3eef30c3" start="1671273749706" dump="1671273749978"/><package name="ISOFT2_2022_ET/ISOFT2_2022_ET/exceptions"><class name="ISOFT2_2022_ET/ISOFT2_2022_ET/exceptions/AngulosValidosException" sourcefilename="AngulosValidosException.java"><method name="&lt;init&gt;" desc="(Ljava/lang/String;)V" line="6"><counter type="INSTRUCTION" missed="4" covered="0"/><counter type="LINE" missed="2" covered="0"/><counter type="COMPLEXITY" missed="1" covered="0"/><counter type="METHOD" missed="1" covered="0"/></method><counter type="INSTRUCTION" missed="4" covered="0"/><counter type="LINE" missed="2" covered="0"/><counter type="COMPLEXITY" missed="1" covered="0"/><counter type="METHOD" missed="1" covered="0"/><counter type="CLASS" missed="1" covered="0"/></class><class name="ISOFT2_2022_ET/ISOFT2_2022_ET/exceptions/NumerosValidosException" sourcefilename="NumerosValidosException.java"><method name="&lt;init&gt;" desc="(Ljava/lang/String;)V" line="6"><counter type="INSTRUCTION" missed="0" covered="4"/><counter type="LINE" missed="0" covered="2"/><counter type="COMPLEXITY" missed="0" covered="1"/><counter type="METHOD" missed="0" covered="1"/></method><counter type="INSTRUCTION" missed="0" covered="4"/><counter type="LINE" missed="0" covered="2"/><counter type="COMPLEXITY" missed="0" covered="1"/><counter type="METHOD" missed="0" covered="1"/><counter type="CLASS" missed="0" covered="1"/></class><sourcefile name="NumerosValidosException.java"><line nr="6" mi="0" ci="3" mb="0" cb="0"/><line nr="7" mi="0" ci="1" mb="0" cb="0"/><counter type="INSTRUCTION" missed="0" covered="4"/><counter type="LINE" missed="0" covered="2"/><counter type="COMPLEXITY" missed="0" covered="1"/><counter type="METHOD" missed="0" covered="1"/><counter type="CLASS" missed="0" covered="1"/></sourcefile><sourcefile name="AngulosValidosException.java"><line nr="6" mi="3" ci="0" mb="0" cb="0"/><line nr="7" mi="1" ci="0" mb="0" cb="0"/><counter type="INSTRUCTION" missed="4" covered="0"/><counter type="LINE" missed="2" covered="0"/><counter type="COMPLEXITY" missed="1" covered="0"/><counter type="METHOD" missed="1" covered="0"/><counter type="CLASS" missed="1" covered="0"/></sourcefile><counter type="INSTRUCTION" missed="4" covered="4"/><counter type="LINE" missed="2" covered="2"/><counter type="COMPLEXITY" missed="1" covered="1"/><counter type="METHOD" missed="1" covered="1"/><counter type="CLASS" missed="1" covered="1"/></package><package name="ISOFT2_2022_ET/ISOFT2_2022_ET/model"><class name="ISOFT2_2022_ET/ISOFT2_2022_ET/model/Triangulo" sourcefilename="Triangulo.java"><method name="&lt;init&gt;" desc="()V" line="12"><counter type="INSTRUCTION" missed="0" covered="3"/><counter type="LINE" missed="0" covered="2"/><counter type="COMPLEXITY" missed="0" covered="1"/><counter type="METHOD" missed="0" covered="1"/></method><method name="getLado1" desc="()I" line="16"><counter type="INSTRUCTION" missed="0" covered="3"/><counter type="LINE" missed="0" covered="1"/><counter type="COMPLEXITY" missed="0" covered="1"/><counter type="METHOD" missed="0" covered="1"/></method><method name="setLado1" desc="(I)V" line="20"><counter type="INSTRUCTION" missed="0" covered="4"/><counter type="LINE" missed="0" covered="2"/><counter type="COMPLEXITY" missed="0" covered="1"/><counter type="METHOD" missed="0" covered="1"/></method><method name="getLado2" desc="()I" line="24"><counter type="INSTRUCTION" missed="0" covered="3"/><counter type="LINE" missed="0" covered="1"/><counter type="COMPLEXITY" missed="0" covered="1"/><counter type="METHOD" missed="0" covered="1"/></method><method name="setLado2" desc="(I)V" line="28"><counter type="INSTRUCTION" missed="0" covered="4"/><counter type="LINE" missed="0" covered="2"/><counter type="COMPLEXITY" missed="0" covered="1"/><counter type="METHOD" missed="0" covered="1"/></method><method name="getLado3" desc="()I" line="32"><counter type="INSTRUCTION" missed="0" covered="3"/><counter type="LINE" missed="0" covered="1"/><counter type="COMPLEXITY" missed="0" covered="1"/><counter type="METHOD" missed="0" covered="1"/></method><method name="setLado3" desc="(I)V" line="36"><counter type="INSTRUCTION" missed="0" covered="4"/><counter type="LINE" missed="0" covered="2"/><counter type="COMPLEXITY" missed="0" covered="1"/><counter type="METHOD" missed="0" covered="1"/></method><method name="getAngulo1" desc="()I" line="40"><counter type="INSTRUCTION" missed="0" covered="3"/><counter type="LINE" missed="0" covered="1"/><counter type="COMPLEXITY" missed="0" covered="1"/><counter type="METHOD" missed="0" covered="1"/></method><method name="setAngulo1" desc="(I)V" line="44"><counter type="INSTRUCTION" missed="0" covered="4"/><counter type="LINE" missed="0" covered="2"/><counter type="COMPLEXITY" missed="0" covered="1"/><counter type="METHOD" missed="0" covered="1"/></method><method name="getAngulo2" desc="()I" line="48"><counter type="INSTRUCTION" missed="0" covered="3"/><counter type="LINE" missed="0" covered="1"/><counter type="COMPLEXITY" missed="0" covered="1"/><counter type="METHOD" missed="0" covered="1"/></method><method name="setAngulo2" desc="(I)V" line="52"><counter type="INSTRUCTION" missed="0" covered="4"/><counter type="LINE" missed="0" covered="2"/><counter type="COMPLEXITY" missed="0" covered="1"/><counter type="METHOD" missed="0" covered="1"/></method><method name="getAngulo3" desc="()I" line="56"><counter type="INSTRUCTION" missed="0" covered="3"/><counter type="LINE" missed="0" covered="1"/><counter type="COMPLEXITY" missed="0" covered="1"/><counter type="METHOD" missed="0" covered="1"/></method><method name="setAngulo3" desc="(I)V" line="60"><counter type="INSTRUCTION" missed="0" covered="4"/><counter type="LINE" missed="0" covered="2"/><counter type="COMPLEXITY" missed="0" covered="1"/><counter type="METHOD" missed="0" covered="1"/></method><counter type="INSTRUCTION" missed="0" covered="45"/><counter type="LINE" missed="0" covered="20"/><counter type="COMPLEXITY" missed="0" covered="13"/><counter type="METHOD" missed="0" covered="13"/><counter type="CLASS" missed="0" covered="1"/></class><class name="ISOFT2_2022_ET/ISOFT2_2022_ET/model/TrianguloController" sourcefilename="TrianguloController.java"><method name="&lt;init&gt;" desc="()V" line="9"><counter type="INSTRUCTION" missed="0" covered="3"/><counter type="LINE" missed="0" covered="2"/><counter type="COMPLEXITY" missed="0" covered="1"/><counter type="METHOD" missed="0" covered="1"/></method><method name="tipoDeTriangulo" desc="(LISOFT2_2022_ET/ISOFT2_2022_ET/model/Triangulo;)Ljava/lang/String;" line="13"><counter type="INSTRUCTION" missed="5" covered="144"/><counter type="BRANCH" missed="5" covered="31"/><counter type="LINE" missed="1" covered="15"/><counter type="COMPLEXITY" missed="5" covered="14"/><counter type="METHOD" missed="0" covered="1"/></method><counter type="INSTRUCTION" missed="5" covered="147"/><counter type="BRANCH" missed="5" covered="31"/><counter type="LINE" missed="1" covered="17"/><counter type="COMPLEXITY" missed="5" covered="15"/><counter type="METHOD" missed="0" covered="2"/><counter type="CLASS" missed="0" covered="1"/></class><sourcefile name="Triangulo.java"><line nr="12" mi="0" ci="2" mb="0" cb="0"/><line nr="13" mi="0" ci="1" mb="0" cb="0"/><line nr="16" mi="0" ci="3" mb="0" cb="0"/><line nr="20" mi="0" ci="3" mb="0" cb="0"/><line nr="21" mi="0" ci="1" mb="0" cb="0"/><line nr="24" mi="0" ci="3" mb="0" cb="0"/><line nr="28" mi="0" ci="3" mb="0" cb="0"/><line nr="29" mi="0" ci="1" mb="0" cb="0"/><line nr="32" mi="0" ci="3" mb="0" cb="0"/><line nr="36" mi="0" ci="3" mb="0" cb="0"/><line nr="37" mi="0" ci="1" mb="0" cb="0"/><line nr="40" mi="0" ci="3" mb="0" cb="0"/><line nr="44" mi="0" ci="3" mb="0" cb="0"/><line nr="45" mi="0" ci="1" mb="0" cb="0"/><line nr="48" mi="0" ci="3" mb="0" cb="0"/><line nr="52" mi="0" ci="3" mb="0" cb="0"/><line nr="53" mi="0" ci="1" mb="0" cb="0"/><line nr="56" mi="0" ci="3" mb="0" cb="0"/><line nr="60" mi="0" ci="3" mb="0" cb="0"/><line nr="61" mi="0" ci="1" mb="0" cb="0"/><counter type="INSTRUCTION" missed="0" covered="45"/><counter type="LINE" missed="0" covered="20"/><counter type="COMPLEXITY" missed="0" covered="13"/><counter type="METHOD" missed="0" covered="13"/><counter type="CLASS" missed="0" covered="1"/></sourcefile><sourcefile name="TrianguloController.java"><line nr="9" mi="0" ci="2" mb="0" cb="0"/><line nr="10" mi="0" ci="1" mb="0" cb="0"/><line nr="13" mi="0" ci="2" mb="0" cb="0"/><line nr="15" mi="0" ci="18" mb="4" cb="8"/><line nr="16" mi="0" ci="5" mb="0" cb="0"/><line nr="20" mi="0" ci="10" mb="1" cb="1"/><line nr="21" mi="5" ci="0" mb="0" cb="0"/><line nr="25" mi="0" ci="10" mb="0" cb="4"/><line nr="26" mi="0" ci="10" mb="0" cb="0"/><line nr="27" mi="0" ci="15" mb="0" cb="6"/><line nr="28" mi="0" ci="10" mb="0" cb="0"/><line nr="30" mi="0" ci="9" mb="0" cb="0"/><line nr="33" mi="0" ci="12" mb="0" cb="6"/><line nr="34" mi="0" ci="10" mb="0" cb="0"/><line nr="35" mi="0" ci="12" mb="0" cb="6"/><line nr="36" mi="0" ci="10" mb="0" cb="0"/><line nr="38" mi="0" ci="9" mb="0" cb="0"/><line nr="40" mi="0" ci="2" mb="0" cb="0"/><counter type="INSTRUCTION" missed="5" covered="147"/><counter type="BRANCH" missed="5" covered="31"/><counter type="LINE" missed="1" covered="17"/><counter type="COMPLEXITY" missed="5" covered="15"/><counter type="METHOD" missed="0" covered="2"/><counter type="CLASS" missed="0" covered="1"/></sourcefile><counter type="INSTRUCTION" missed="5" covered="192"/><counter type="BRANCH" missed="5" covered="31"/><counter type="LINE" missed="1" covered="37"/><counter type="COMPLEXITY" missed="5" covered="28"/><counter type="METHOD" missed="0" covered="15"/><counter type="CLASS" missed="0" covered="2"/></package><package name="ISOFT2_2022_ET/ISOFT2_2022_ET"><class name="ISOFT2_2022_ET/ISOFT2_2022_ET/Main" sourcefilename="Main.java"><method name="&lt;init&gt;" desc="()V" line="10"><counter type="INSTRUCTION" missed="3" covered="0"/><counter type="LINE" missed="1" covered="0"/><counter type="COMPLEXITY" missed="1" covered="0"/><counter type="METHOD" missed="1" covered="0"/></method><method name="main" desc="([Ljava/lang/String;)V" line="17"><counter type="INSTRUCTION" missed="100" covered="0"/><counter type="BRANCH" missed="2" covered="0"/><counter type="LINE" missed="9" covered="0"/><counter type="COMPLEXITY" missed="2" covered="0"/><counter type="METHOD" missed="1" covered="0"/></method><method name="leerEnteros" desc="()I" line="28"><counter type="INSTRUCTION" missed="14" covered="0"/><counter type="LINE" missed="6" covered="0"/><counter type="COMPLEXITY" missed="1" covered="0"/><counter type="METHOD" missed="1" covered="0"/></method><method name="&lt;clinit&gt;" desc="()V" line="12"><counter type="INSTRUCTION" missed="10" covered="0"/><counter type="LINE" missed="2" covered="0"/><counter type="COMPLEXITY" missed="1" covered="0"/><counter type="METHOD" missed="1" covered="0"/></method><counter type="INSTRUCTION" missed="127" covered="0"/><counter type="BRANCH" missed="2" covered="0"/><counter type="LINE" missed="18" covered="0"/><counter type="COMPLEXITY" missed="5" covered="0"/><counter type="METHOD" missed="4" covered="0"/><counter type="CLASS" missed="1" covered="0"/></class><sourcefile name="Main.java"><line nr="10" mi="3" ci="0" mb="0" cb="0"/><line nr="12" mi="5" ci="0" mb="0" cb="0"/><line nr="14" mi="5" ci="0" mb="0" cb="0"/><line nr="17" mi="4" ci="0" mb="0" cb="0"/><line nr="18" mi="35" ci="0" mb="2" cb="0"/><line nr="19" mi="10" ci="0" mb="0" cb="0"/><line nr="20" mi="11" ci="0" mb="0" cb="0"/><line nr="21" mi="21" ci="0" mb="0" cb="0"/><line nr="22" mi="7" ci="0" mb="0" cb="0"/><line nr="23" mi="7" ci="0" mb="0" cb="0"/><line nr="24" mi="4" ci="0" mb="0" cb="0"/><line nr="25" mi="1" ci="0" mb="0" cb="0"/><line nr="28" mi="2" ci="0" mb="0" cb="0"/><line nr="30" mi="4" ci="0" mb="0" cb="0"/><line nr="31" mi="1" ci="0" mb="0" cb="0"/><line nr="32" mi="3" ci="0" mb="0" cb="0"/><line nr="33" mi="1" ci="0" mb="0" cb="0"/><line nr="35" mi="3" ci="0" mb="0" cb="0"/><counter type="INSTRUCTION" missed="127" covered="0"/><counter type="BRANCH" missed="2" covered="0"/><counter type="LINE" missed="18" covered="0"/><counter type="COMPLEXITY" missed="5" covered="0"/><counter type="METHOD" missed="4" covered="0"/><counter type="CLASS" missed="1" covered="0"/></sourcefile><counter type="INSTRUCTION" missed="127" covered="0"/><counter type="BRANCH" missed="2" covered="0"/><counter type="LINE" missed="18" covered="0"/><counter type="COMPLEXITY" missed="5" covered="0"/><counter type="METHOD" missed="4" covered="0"/><counter type="CLASS" missed="1" covered="0"/></package><counter type="INSTRUCTION" missed="136" covered="196"/><counter type="BRANCH" missed="7" covered="31"/><counter type="LINE" missed="21" covered="39"/><counter type="COMPLEXITY" missed="11" covered="29"/><counter type="METHOD" missed="5" covered="16"/><counter type="CLASS" missed="2" covered="3"/></report>